<?xml version="1.0" encoding="UTF-8"?>
<!-- Generated by org.testng.reporters.JUnitReportReporter -->
<testsuite skipped="0" hostname="ELM-VJAMI" name="selenium.samples.Demo2" tests="1" failures="0" timestamp="12 Jul 2018 03:19:54 GMT" time="0.000" errors="0">
  <testcase name="test1" time="0.000" classname="selenium.samples.Demo2"/>
</testsuite> <!-- selenium.samples.Demo2 -->
