<?xml version="1.0" encoding="UTF-8"?>
<!-- Generated by org.testng.reporters.JUnitReportReporter -->
<testsuite skipped="0" hostname="ELM-VJAMI" name="selenium.demos.ExcelRowData" tests="1" failures="0" timestamp="03 Jul 2018 09:55:26 GMT" time="0.025" errors="0">
  <testcase name="Test1" time="0.025" classname="selenium.demos.ExcelRowData"/>
</testsuite> <!-- selenium.demos.ExcelRowData -->
