<?xml version="1.0" encoding="UTF-8"?>
<!-- Generated by org.testng.reporters.JUnitReportReporter -->
<testsuite skipped="0" hostname="ELM-VJAMI" name="org.t360.testcases.SearchAllMattersPageTest" tests="1" failures="0" timestamp="09 Jul 2018 16:30:09 GMT" time="56.296" errors="0">
  <testcase name="validateSearchAndSelectMatterTest" time="56.296" classname="org.t360.testcases.SearchAllMattersPageTest"/>
</testsuite> <!-- org.t360.testcases.SearchAllMattersPageTest -->
