<?xml version="1.0" encoding="UTF-8"?>
<!-- Generated by org.testng.reporters.JUnitReportReporter -->
<testsuite skipped="0" hostname="ELM-VJAMI" name="selenium.samples.TestCases" tests="1" failures="0" timestamp="10 Jul 2018 07:17:48 GMT" time="29.522" errors="0">
  <testcase name="addMemberToMatter" time="29.522" classname="selenium.samples.TestCases"/>
</testsuite> <!-- selenium.samples.TestCases -->
