<?xml version="1.0" encoding="UTF-8"?>
<!-- Generated by org.testng.reporters.JUnitReportReporter -->
<testsuite skipped="0" hostname="ELM-VJAMI" name="selenium.samples.Demo1" tests="1" failures="0" timestamp="12 Jul 2018 03:16:02 GMT" time="0.013" errors="0">
  <testcase name="test1" time="0.013" classname="selenium.samples.Demo1"/>
</testsuite> <!-- selenium.samples.Demo1 -->
