<?xml version="1.0" encoding="UTF-8"?>
<!-- Generated by org.testng.reporters.JUnitReportReporter -->
<testsuite skipped="0" hostname="ELM-VJAMI" name="org.t360.tests.TestCases" tests="1" failures="0" timestamp="12 Jul 2018 04:24:45 GMT" time="34.927" errors="0">
  <testcase name="createMatterTest" time="34.927" classname="org.t360.tests.TestCases"/>
</testsuite> <!-- org.t360.tests.TestCases -->
