<?xml version="1.0" encoding="UTF-8"?>
<!-- Generated by org.testng.reporters.JUnitReportReporter -->
<testsuite skipped="0" hostname="ELM-VJAMI" name="selenium.samples.MatterCreation" tests="1" failures="0" timestamp="07 Jul 2018 06:35:39 GMT" time="18.341" errors="0">
  <testcase name="creatMatter" time="18.341" classname="selenium.samples.MatterCreation"/>
</testsuite> <!-- selenium.samples.MatterCreation -->
