<?xml version="1.0" encoding="UTF-8"?>
<!-- Generated by org.testng.reporters.JUnitReportReporter -->
<testsuite skipped="0" hostname="ELM-VJAMI" name="org.t360.testcases.MatterPropertiesPageTest" tests="1" failures="0" timestamp="09 Jul 2018 14:19:08 GMT" time="33.974" errors="0">
  <testcase name="validateMatterPropertiesPageTest" time="33.974" classname="org.t360.testcases.MatterPropertiesPageTest"/>
</testsuite> <!-- org.t360.testcases.MatterPropertiesPageTest -->
