<?xml version="1.0" encoding="UTF-8"?>
<!-- Generated by org.testng.reporters.JUnitReportReporter -->
<testsuite skipped="0" hostname="ELM-VJAMI" name="selenium.demos.Demo2" tests="1" failures="0" timestamp="02 Jul 2018 11:12:38 GMT" time="0.012" errors="0">
  <testcase name="test1" time="0.012" classname="selenium.demos.Demo2"/>
</testsuite> <!-- selenium.demos.Demo2 -->
